[ 2016-04-07T00:01:14+08:00 ] ERR: (ThinkException) 非法操作:__URL__login
[ 2016-04-07T00:02:43+08:00 ] ERR: (ThinkException) 非法操作:__URL__
[ 2016-04-07T00:03:09+08:00 ] ERR: (ThinkException) 非法操作:__APP__
[ 2016-04-07T00:04:03+08:00 ] ERR: (ThinkException) 非法操作:__ROOT__
[ 2016-04-07T00:04:49+08:00 ] ERR: (ThinkException) 非法操作:dist
[ 2016-04-07T00:04:49+08:00 ] ERR: (ThinkException) 非法操作:assets
[ 2016-04-07T00:05:53+08:00 ] ERR: (ThinkException) 非法操作:添加失败,请重试
[ 2016-04-07T00:25:21+08:00 ] ERR: (ThinkException) 模板不存在[./project/Tpl/Index/index.html]
[ 2016-04-07T00:25:21+08:00 ] ERR: (ThinkException) 非法操作:dist
[ 2016-04-07T00:25:22+08:00 ] ERR: (ThinkException) 非法操作:assets
[ 2016-04-07T00:28:03+08:00 ] ERR: (ThinkException) 模板不存在[./project/Tpl/Index/index.html]
[ 2016-04-07T00:28:03+08:00 ] ERR: (ThinkException) 非法操作:dist
[ 2016-04-07T00:28:03+08:00 ] ERR: (ThinkException) 非法操作:assets
[ 2016-04-07T00:28:37+08:00 ] ERR: (ThinkException) 模板不存在[./project/Tpl/Index/index.html]
[ 2016-04-07T00:28:37+08:00 ] ERR: (ThinkException) 非法操作:dist
[ 2016-04-07T00:28:37+08:00 ] ERR: (ThinkException) 非法操作:assets
[ 2016-04-07T00:31:49+08:00 ] ERR: (ThinkException) 非法操作:dist
[ 2016-04-07T00:31:49+08:00 ] ERR: (ThinkException) 非法操作:assets
[ 2016-04-07T00:32:56+08:00 ] ERR: (ThinkException) 模板不存在[./project/Tpl/Index/index.html]
[ 2016-04-07T00:32:56+08:00 ] ERR: (ThinkException) 非法操作:dist
[ 2016-04-07T00:32:56+08:00 ] ERR: (ThinkException) 非法操作:assets
[ 2016-04-07T00:33:00+08:00 ] ERR: (ThinkException) 非法操作:assets
[ 2016-04-07T00:33:00+08:00 ] ERR: (ThinkException) 非法操作:dist
[ 2016-04-07T00:33:33+08:00 ] ERR: (ThinkException) 模板不存在[./project/Tpl/Index/index.html]
[ 2016-04-07T00:33:33+08:00 ] ERR: (ThinkException) 非法操作:dist
[ 2016-04-07T00:33:33+08:00 ] ERR: (ThinkException) 非法操作:assets
[ 2016-04-07T00:33:41+08:00 ] ERR: (ThinkException) 非法操作:dist
[ 2016-04-07T00:33:41+08:00 ] ERR: (ThinkException) 非法操作:assets
[ 2016-04-07T00:33:46+08:00 ] ERR: (ThinkException) 模板不存在[./project/Tpl/Index/index.html]
[ 2016-04-07T00:33:46+08:00 ] ERR: (ThinkException) 非法操作:assets
[ 2016-04-07T00:33:46+08:00 ] ERR: (ThinkException) 非法操作:dist
[ 2016-04-07T00:33:53+08:00 ] ERR: (ThinkException) 模板不存在[./project/Tpl/Index/index.html]
[ 2016-04-07T00:33:53+08:00 ] ERR: (ThinkException) 非法操作:dist
[ 2016-04-07T00:33:53+08:00 ] ERR: (ThinkException) 非法操作:assets
[ 2016-04-07T00:35:06+08:00 ] ERR: (ThinkException) 模板不存在[./project/Tpl/Index/index.html]
[ 2016-04-07T00:35:06+08:00 ] ERR: (ThinkException) 非法操作:assets
[ 2016-04-07T00:35:06+08:00 ] ERR: (ThinkException) 非法操作:dist
[ 2016-04-07T00:35:16+08:00 ] ERR: (ThinkException) 非法操作:dist
[ 2016-04-07T00:35:16+08:00 ] ERR: (ThinkException) 非法操作:assets
[ 2016-04-07T00:37:08+08:00 ] ERR: (ThinkException) 模板不存在[./project/Tpl/Index/index.html]
[ 2016-04-07T00:37:08+08:00 ] ERR: (ThinkException) 非法操作:dist
[ 2016-04-07T00:37:08+08:00 ] ERR: (ThinkException) 非法操作:assets
[ 2016-04-07T00:37:14+08:00 ] ERR: (ThinkException) 模板不存在[./project/Tpl/Index/index.html]
[ 2016-04-07T00:37:14+08:00 ] ERR: (ThinkException) 非法操作:dist
[ 2016-04-07T00:37:14+08:00 ] ERR: (ThinkException) 非法操作:assets
[ 2016-04-07T00:38:38+08:00 ] ERR: (ThinkException) 模板不存在[./project/Tpl/Index/index.html]
[ 2016-04-07T00:38:38+08:00 ] ERR: (ThinkException) 非法操作:dist
[ 2016-04-07T00:38:38+08:00 ] ERR: (ThinkException) 非法操作:assets
[ 2016-04-07T00:38:43+08:00 ] ERR: (ThinkException) 模板不存在[./project/Tpl/Index/index.html]
[ 2016-04-07T00:38:44+08:00 ] ERR: (ThinkException) 非法操作:dist
[ 2016-04-07T00:38:44+08:00 ] ERR: (ThinkException) 非法操作:assets
[ 2016-04-07T00:41:06+08:00 ] ERR: (ThinkException) 模板不存在[./project/Tpl/Index/index.html]
[ 2016-04-07T00:41:06+08:00 ] ERR: (ThinkException) 非法操作:dist
[ 2016-04-07T00:41:06+08:00 ] ERR: (ThinkException) 非法操作:assets
[ 2016-04-07T00:42:15+08:00 ] ERR: (ThinkException) 模板不存在[./project/Tpl/Index/index.html]
[ 2016-04-07T00:42:15+08:00 ] ERR: (ThinkException) 非法操作:dist
[ 2016-04-07T00:42:15+08:00 ] ERR: (ThinkException) 非法操作:assets
[ 2016-04-07T00:43:15+08:00 ] ERR: (ThinkException) 非法操作:assets
[ 2016-04-07T00:43:15+08:00 ] ERR: (ThinkException) 非法操作:dist
[ 2016-04-07T00:43:22+08:00 ] ERR: (ThinkException) 模板不存在[./project/Tpl/Index/index.html]
[ 2016-04-07T00:43:22+08:00 ] ERR: (ThinkException) 非法操作:assets
[ 2016-04-07T00:43:22+08:00 ] ERR: (ThinkException) 非法操作:dist
[ 2016-04-07T00:45:13+08:00 ] ERR: (ThinkException) 模板不存在[./project/Tpl/Index/index.html]
[ 2016-04-07T00:45:13+08:00 ] ERR: (ThinkException) 非法操作:assets
[ 2016-04-07T00:45:13+08:00 ] ERR: (ThinkException) 非法操作:dist
[ 2016-04-07T00:45:50+08:00 ] ERR: (ThinkException) 模板不存在[./project/Tpl/Index/index.html]
[ 2016-04-07T00:45:50+08:00 ] ERR: (ThinkException) 非法操作:dist
[ 2016-04-07T00:45:50+08:00 ] ERR: (ThinkException) 非法操作:assets
[ 2016-04-07T00:47:10+08:00 ] ERR: (ThinkException) 模板不存在[./project/Tpl/Index/index.html]
[ 2016-04-07T00:47:11+08:00 ] ERR: (ThinkException) 非法操作:dist
[ 2016-04-07T00:47:11+08:00 ] ERR: (ThinkException) 非法操作:assets
[ 2016-04-07T00:47:37+08:00 ] ERR: (ThinkException) 模板不存在[./project/Tpl/Index/index.html]
[ 2016-04-07T00:47:37+08:00 ] ERR: (ThinkException) 非法操作:dist
[ 2016-04-07T00:47:37+08:00 ] ERR: (ThinkException) 非法操作:assets
[ 2016-04-07T00:48:49+08:00 ] ERR: (ThinkException) 模板不存在[./project/Tpl/Index/index.html]
[ 2016-04-07T00:48:49+08:00 ] ERR: (ThinkException) 非法操作:assets
[ 2016-04-07T00:48:49+08:00 ] ERR: (ThinkException) 非法操作:dist
[ 2016-04-07T00:57:34+08:00 ] ERR: (ThinkException) 模板不存在[./project/Tpl/Index/index.html]
[ 2016-04-07T00:57:35+08:00 ] ERR: (ThinkException) 非法操作:dist
[ 2016-04-07T00:57:35+08:00 ] ERR: (ThinkException) 非法操作:assets
[ 2016-04-07T00:59:53+08:00 ] ERR: (ThinkException) 模板不存在[./project/Tpl/Index/index.html]
[ 2016-04-07T00:59:53+08:00 ] ERR: (ThinkException) 非法操作:assets
[ 2016-04-07T00:59:53+08:00 ] ERR: (ThinkException) 非法操作:dist
[ 2016-04-07T01:01:58+08:00 ] ERR: (ThinkException) 模板不存在[./project/Tpl/Index/index.html]
[ 2016-04-07T01:01:59+08:00 ] ERR: (ThinkException) 非法操作:dist
[ 2016-04-07T01:01:59+08:00 ] ERR: (ThinkException) 非法操作:assets
[ 2016-04-07T01:05:24+08:00 ] ERR: (ThinkException) 模板不存在[./project/Tpl/Index/index.html]
[ 2016-04-07T01:05:24+08:00 ] ERR: (ThinkException) 非法操作:assets
[ 2016-04-07T01:05:24+08:00 ] ERR: (ThinkException) 非法操作:dist
[ 2016-04-07T01:06:37+08:00 ] ERR: (ThinkException) 模板不存在[./project/Tpl/Index/index.html]
[ 2016-04-07T01:06:37+08:00 ] ERR: (ThinkException) 非法操作:assets
[ 2016-04-07T01:06:37+08:00 ] ERR: (ThinkException) 非法操作:dist
[ 2016-04-07T13:38:48+08:00 ] ERR: (ThinkException) 模板不存在[./project/Tpl/Index/index.html]
[ 2016-04-07T13:38:49+08:00 ] ERR: (ThinkException) 非法操作:dist
[ 2016-04-07T13:38:49+08:00 ] ERR: (ThinkException) 非法操作:assets
[ 2016-04-07T13:41:58+08:00 ] ERR: (ThinkException) 模板不存在[./project/Tpl/Index/index.html]
[ 2016-04-07T13:42:00+08:00 ] ERR: (ThinkException) 模板不存在[./project/Tpl/Index/index.html]
[ 2016-04-07T13:42:00+08:00 ] ERR: (ThinkException) 非法操作:assets
[ 2016-04-07T13:42:00+08:00 ] ERR: (ThinkException) 非法操作:dist
[ 2016-04-07T13:46:18+08:00 ] ERR: (ThinkException) 模板不存在[./project/Tpl/Index/index.html]
[ 2016-04-07T13:46:18+08:00 ] ERR: (ThinkException) 非法操作:dist
[ 2016-04-07T13:46:18+08:00 ] ERR: (ThinkException) 非法操作:assets
[ 2016-04-07T13:46:58+08:00 ] ERR: (ThinkException) 模板不存在[./project/Tpl/Index/index.html]
[ 2016-04-07T13:46:58+08:00 ] ERR: (ThinkException) 非法操作:dist
[ 2016-04-07T13:46:58+08:00 ] ERR: (ThinkException) 非法操作:assets
[ 2016-04-07T13:47:06+08:00 ] ERR: (ThinkException) 模板不存在[./project/Tpl/Index/index.html]
[ 2016-04-07T13:47:06+08:00 ] ERR: (ThinkException) 非法操作:dist
[ 2016-04-07T13:47:06+08:00 ] ERR: (ThinkException) 非法操作:assets
[ 2016-04-07T13:47:16+08:00 ] ERR: (ThinkException) 模板不存在[./project/Tpl/Index/index.html]
[ 2016-04-07T13:47:16+08:00 ] ERR: (ThinkException) 非法操作:dist
[ 2016-04-07T13:47:16+08:00 ] ERR: (ThinkException) 非法操作:assets
[ 2016-04-07T13:47:25+08:00 ] ERR: (ThinkException) 非法操作:assets
[ 2016-04-07T13:47:25+08:00 ] ERR: (ThinkException) 非法操作:dist
[ 2016-04-07T13:47:31+08:00 ] ERR: (ThinkException) 模板不存在[./project/Tpl/Index/index.html]
[ 2016-04-07T13:48:48+08:00 ] ERR: (ThinkException) 模板不存在[./project/Tpl/Index/index.html]
[ 2016-04-07T13:48:48+08:00 ] ERR: (ThinkException) 非法操作:dist
[ 2016-04-07T13:48:48+08:00 ] ERR: (ThinkException) 非法操作:assets
[ 2016-04-07T13:51:15+08:00 ] ERR: (ThinkException) 模板不存在[./project/Tpl/Index/index.html]
[ 2016-04-07T13:51:15+08:00 ] ERR: (ThinkException) 非法操作:dist
[ 2016-04-07T13:51:15+08:00 ] ERR: (ThinkException) 非法操作:assets
[ 2016-04-07T13:52:06+08:00 ] ERR: (ThinkException) 模板不存在[./project/Tpl/Index/index.html]
[ 2016-04-07T13:52:06+08:00 ] ERR: (ThinkException) 非法操作:dist
[ 2016-04-07T13:52:06+08:00 ] ERR: (ThinkException) 非法操作:assets
[ 2016-04-07T13:55:46+08:00 ] ERR: (ThinkException) 模板不存在[./project/Tpl/Index/index.html]
[ 2016-04-07T13:55:46+08:00 ] ERR: (ThinkException) 非法操作:assets
[ 2016-04-07T13:55:46+08:00 ] ERR: (ThinkException) 非法操作:dist
[ 2016-04-07T13:57:35+08:00 ] ERR: (ThinkException) 模板不存在[./project/Tpl/Index/index.html]
[ 2016-04-07T13:57:36+08:00 ] ERR: (ThinkException) 非法操作:assets
[ 2016-04-07T13:57:36+08:00 ] ERR: (ThinkException) 非法操作:dist
[ 2016-04-07T14:00:13+08:00 ] ERR: (ThinkException) 非法操作:dist
[ 2016-04-07T14:00:13+08:00 ] ERR: (ThinkException) 非法操作:assets
[ 2016-04-07T14:00:15+08:00 ] ERR: (ThinkException) 模板不存在[./project/Tpl/Index/index.html]
[ 2016-04-07T14:00:15+08:00 ] ERR: (ThinkException) 非法操作:dist
[ 2016-04-07T14:00:15+08:00 ] ERR: (ThinkException) 非法操作:assets
[ 2016-04-07T14:00:22+08:00 ] ERR: (ThinkException) 非法操作:dist
[ 2016-04-07T14:00:22+08:00 ] ERR: (ThinkException) 非法操作:assets
[ 2016-04-07T14:00:44+08:00 ] ERR: (ThinkException) 模板不存在[./project/Tpl/Index/index.html]
[ 2016-04-07T14:00:44+08:00 ] ERR: (ThinkException) 非法操作:dist
[ 2016-04-07T14:00:44+08:00 ] ERR: (ThinkException) 非法操作:assets
[ 2016-04-07T14:02:50+08:00 ] ERR: (ThinkException) 模板不存在[./project/Tpl/Index/index.html]
[ 2016-04-07T14:02:50+08:00 ] ERR: (ThinkException) 非法操作:assets
[ 2016-04-07T14:02:50+08:00 ] ERR: (ThinkException) 非法操作:dist
[ 2016-04-07T14:04:04+08:00 ] ERR: (ThinkException) 模板不存在[./project/Tpl/Index/index.html]
[ 2016-04-07T14:04:04+08:00 ] ERR: (ThinkException) 非法操作:assets
[ 2016-04-07T14:04:04+08:00 ] ERR: (ThinkException) 非法操作:dist
[ 2016-04-07T14:05:15+08:00 ] ERR: (ThinkException) 非法操作:dist
[ 2016-04-07T14:05:15+08:00 ] ERR: (ThinkException) 非法操作:assets
[ 2016-04-07T14:06:32+08:00 ] ERR: (ThinkException) 模板不存在[./project/Tpl/Index/index.html]
[ 2016-04-07T14:06:32+08:00 ] ERR: (ThinkException) 非法操作:dist
[ 2016-04-07T14:06:32+08:00 ] ERR: (ThinkException) 非法操作:assets
[ 2016-04-07T14:07:17+08:00 ] ERR: (ThinkException) 模板不存在[./project/Tpl/Index/index.html]
[ 2016-04-07T14:07:17+08:00 ] ERR: (ThinkException) 非法操作:assets
[ 2016-04-07T14:07:17+08:00 ] ERR: (ThinkException) 非法操作:dist
[ 2016-04-07T14:08:18+08:00 ] ERR: (ThinkException) 模板不存在[./project/Tpl/Index/index.html]
[ 2016-04-07T14:08:18+08:00 ] ERR: (ThinkException) 非法操作:dist
[ 2016-04-07T14:08:18+08:00 ] ERR: (ThinkException) 非法操作:assets
[ 2016-04-07T14:08:19+08:00 ] ERR: (ThinkException) 模板不存在[./project/Tpl/Index/index.html]
[ 2016-04-07T14:08:19+08:00 ] ERR: (ThinkException) 非法操作:assets
[ 2016-04-07T14:08:19+08:00 ] ERR: (ThinkException) 非法操作:dist
[ 2016-04-07T14:08:19+08:00 ] ERR: (ThinkException) 模板不存在[./project/Tpl/Index/index.html]
[ 2016-04-07T14:08:19+08:00 ] ERR: (ThinkException) 非法操作:assets
[ 2016-04-07T14:08:19+08:00 ] ERR: (ThinkException) 非法操作:dist
[ 2016-04-07T14:08:19+08:00 ] ERR: (ThinkException) 模板不存在[./project/Tpl/Index/index.html]
[ 2016-04-07T14:08:19+08:00 ] ERR: (ThinkException) 非法操作:assets
[ 2016-04-07T14:08:19+08:00 ] ERR: (ThinkException) 非法操作:dist
[ 2016-04-07T14:08:20+08:00 ] ERR: (ThinkException) 模板不存在[./project/Tpl/Index/index.html]
[ 2016-04-07T14:08:20+08:00 ] ERR: (ThinkException) 非法操作:assets
[ 2016-04-07T14:08:20+08:00 ] ERR: (ThinkException) 非法操作:dist
[ 2016-04-07T14:10:05+08:00 ] ERR: (ThinkException) 模板不存在[./project/Tpl/Index/index.html]
[ 2016-04-07T14:10:05+08:00 ] ERR: (ThinkException) 非法操作:assets
[ 2016-04-07T14:10:05+08:00 ] ERR: (ThinkException) 非法操作:dist
[ 2016-04-07T14:11:02+08:00 ] ERR: (ThinkException) 模板不存在[./project/Tpl/Index/index.html]
[ 2016-04-07T14:11:02+08:00 ] ERR: (ThinkException) 非法操作:dist
[ 2016-04-07T14:11:02+08:00 ] ERR: (ThinkException) 非法操作:assets
[ 2016-04-07T14:11:33+08:00 ] ERR: (ThinkException) 模板不存在[./project/Tpl/Index/index.html]
[ 2016-04-07T14:11:33+08:00 ] ERR: (ThinkException) 非法操作:assets
[ 2016-04-07T14:11:33+08:00 ] ERR: (ThinkException) 非法操作:dist
[ 2016-04-07T14:12:44+08:00 ] ERR: (ThinkException) 模板不存在[./project/Tpl/Index/index.html]
[ 2016-04-07T14:12:44+08:00 ] ERR: (ThinkException) 非法操作:dist
[ 2016-04-07T14:12:44+08:00 ] ERR: (ThinkException) 非法操作:assets
[ 2016-04-07T14:16:00+08:00 ] ERR: (ThinkException) 模板不存在[./project/Tpl/Index/index.html]
[ 2016-04-07T14:16:00+08:00 ] ERR: (ThinkException) 非法操作:dist
[ 2016-04-07T14:16:00+08:00 ] ERR: (ThinkException) 非法操作:assets
[ 2016-04-07T14:16:19+08:00 ] ERR: (ThinkException) 模板不存在[./project/Tpl/Index/index.html]
[ 2016-04-07T14:16:19+08:00 ] ERR: (ThinkException) 非法操作:dist
[ 2016-04-07T14:16:19+08:00 ] ERR: (ThinkException) 非法操作:assets
[ 2016-04-07T14:17:15+08:00 ] ERR: (ThinkException) 模板不存在[./project/Tpl/Index/index.html]
[ 2016-04-07T14:17:15+08:00 ] ERR: (ThinkException) 非法操作:dist
[ 2016-04-07T14:17:15+08:00 ] ERR: (ThinkException) 非法操作:assets
[ 2016-04-07T14:18:36+08:00 ] ERR: (ThinkException) 非法操作:dist
[ 2016-04-07T14:18:36+08:00 ] ERR: (ThinkException) 非法操作:assets
[ 2016-04-07T14:19:50+08:00 ] ERR: (ThinkException) 非法操作:dist
[ 2016-04-07T14:19:50+08:00 ] ERR: (ThinkException) 非法操作:assets
[ 2016-04-07T14:22:45+08:00 ] ERR: (ThinkException) 非法操作:dist
[ 2016-04-07T14:22:45+08:00 ] ERR: (ThinkException) 非法操作:assets
[ 2016-04-07T14:23:39+08:00 ] ERR: (ThinkException) 非法操作:dist
[ 2016-04-07T14:23:39+08:00 ] ERR: (ThinkException) 非法操作:assets
[ 2016-04-07T14:23:58+08:00 ] ERR: (ThinkException) 非法操作:dist
[ 2016-04-07T14:23:58+08:00 ] ERR: (ThinkException) 非法操作:assets
[ 2016-04-07T14:28:04+08:00 ] ERR: (ThinkException) 非法操作:assets
[ 2016-04-07T14:28:04+08:00 ] ERR: (ThinkException) 非法操作:dist
[ 2016-04-07T14:28:19+08:00 ] ERR: (ThinkException) 非法操作:dist
[ 2016-04-07T14:28:19+08:00 ] ERR: (ThinkException) 非法操作:assets
[ 2016-04-07T14:29:25+08:00 ] ERR: (ThinkException) 非法操作:dist
[ 2016-04-07T14:29:25+08:00 ] ERR: (ThinkException) 非法操作:assets
[ 2016-04-07T14:32:40+08:00 ] ERR: (ThinkException) 非法操作:dist
[ 2016-04-07T14:32:40+08:00 ] ERR: (ThinkException) 非法操作:assets
[ 2016-04-07T14:32:52+08:00 ] ERR: (ThinkException) 非法操作:dist
[ 2016-04-07T14:32:52+08:00 ] ERR: (ThinkException) 非法操作:assets
[ 2016-04-07T14:33:54+08:00 ] ERR: (ThinkException) 非法操作:assets
[ 2016-04-07T14:33:54+08:00 ] ERR: (ThinkException) 非法操作:dist
[ 2016-04-07T14:34:03+08:00 ] ERR: (ThinkException) 非法操作:dist
[ 2016-04-07T14:34:03+08:00 ] ERR: (ThinkException) 非法操作:assets
[ 2016-04-07T14:34:43+08:00 ] ERR: (ThinkException) 非法操作:dist
[ 2016-04-07T14:34:43+08:00 ] ERR: (ThinkException) 非法操作:assets
[ 2016-04-07T14:35:57+08:00 ] ERR: (ThinkException) 非法操作:assets
[ 2016-04-07T14:35:57+08:00 ] ERR: (ThinkException) 非法操作:dist
[ 2016-04-07T14:36:07+08:00 ] ERR: (ThinkException) 非法操作:assets
[ 2016-04-07T14:36:07+08:00 ] ERR: (ThinkException) 非法操作:dist
[ 2016-04-07T14:37:08+08:00 ] ERR: (ThinkException) 非法操作:dist
[ 2016-04-07T14:37:08+08:00 ] ERR: (ThinkException) 非法操作:assets
[ 2016-04-07T14:37:10+08:00 ] ERR: (ThinkException) 非法操作:dist
[ 2016-04-07T14:37:10+08:00 ] ERR: (ThinkException) 非法操作:assets
[ 2016-04-07T14:37:30+08:00 ] ERR: (ThinkException) 非法操作:dist
[ 2016-04-07T14:37:30+08:00 ] ERR: (ThinkException) 非法操作:assets
[ 2016-04-07T14:37:38+08:00 ] ERR: (ThinkException) 非法操作:dist
[ 2016-04-07T14:37:38+08:00 ] ERR: (ThinkException) 非法操作:assets
[ 2016-04-07T14:38:28+08:00 ] ERR: (ThinkException) 非法操作:dist
[ 2016-04-07T14:38:28+08:00 ] ERR: (ThinkException) 非法操作:assets
[ 2016-04-07T14:40:16+08:00 ] ERR: (ThinkException) 非法操作:dist
[ 2016-04-07T14:40:16+08:00 ] ERR: (ThinkException) 非法操作:assets
[ 2016-04-07T14:40:49+08:00 ] ERR: (ThinkException) 非法操作:assets
[ 2016-04-07T14:40:49+08:00 ] ERR: (ThinkException) 非法操作:dist
[ 2016-04-07T14:41:06+08:00 ] ERR: (ThinkException) 非法操作:assets
[ 2016-04-07T14:41:06+08:00 ] ERR: (ThinkException) 非法操作:dist
[ 2016-04-07T14:42:01+08:00 ] ERR: (ThinkException) 非法操作:dist
[ 2016-04-07T14:42:01+08:00 ] ERR: (ThinkException) 非法操作:assets
[ 2016-04-07T14:43:36+08:00 ] ERR: (ThinkException) 非法操作:dist
[ 2016-04-07T14:43:36+08:00 ] ERR: (ThinkException) 非法操作:assets
[ 2016-04-07T14:44:20+08:00 ] ERR: (ThinkException) 非法操作:dist
[ 2016-04-07T14:44:20+08:00 ] ERR: (ThinkException) 非法操作:assets
[ 2016-04-07T14:44:33+08:00 ] ERR: (ThinkException) 无法加载模块:article
[ 2016-04-07T14:45:33+08:00 ] ERR: (ThinkException) 无法加载模块:article
[ 2016-04-07T14:45:38+08:00 ] ERR: (ThinkException) 无法加载模块:article
[ 2016-04-07T14:45:41+08:00 ] ERR: (ThinkException) 非法操作:dist
[ 2016-04-07T14:45:41+08:00 ] ERR: (ThinkException) 非法操作:assets
[ 2016-04-07T14:45:49+08:00 ] ERR: (ThinkException) 非法操作:dist
[ 2016-04-07T14:45:49+08:00 ] ERR: (ThinkException) 非法操作:assets
[ 2016-04-07T14:47:24+08:00 ] ERR: (ThinkException) 无法加载模块:article
[ 2016-04-07T14:47:39+08:00 ] ERR: (ThinkException) 非法操作:dist
[ 2016-04-07T14:47:39+08:00 ] ERR: (ThinkException) 非法操作:assets
[ 2016-04-07T14:47:44+08:00 ] ERR: (ThinkException) 无法加载模块:article
[ 2016-04-07T14:48:48+08:00 ] ERR: (ThinkException) 非法操作:dist
[ 2016-04-07T14:48:48+08:00 ] ERR: (ThinkException) 非法操作:assets
[ 2016-04-07T14:48:54+08:00 ] ERR: (ThinkException) 无法加载模块:article
[ 2016-04-07T14:52:00+08:00 ] ERR: (ThinkException) 非法操作:dist
[ 2016-04-07T14:52:00+08:00 ] ERR: (ThinkException) 非法操作:assets
[ 2016-04-07T14:56:28+08:00 ] ERR: (ThinkException) 非法操作:dist
[ 2016-04-07T14:56:28+08:00 ] ERR: (ThinkException) 非法操作:assets
[ 2016-04-07T14:58:25+08:00 ] ERR: (ThinkException) 非法操作:assets
[ 2016-04-07T14:58:25+08:00 ] ERR: (ThinkException) 非法操作:dist
[ 2016-04-07T14:59:19+08:00 ] ERR: (ThinkException) 非法操作:dist
[ 2016-04-07T14:59:19+08:00 ] ERR: (ThinkException) 非法操作:assets
[ 2016-04-07T15:03:38+08:00 ] ERR: (ThinkException) 非法操作:dist
[ 2016-04-07T15:03:38+08:00 ] ERR: (ThinkException) 非法操作:assets
[ 2016-04-07T15:04:11+08:00 ] ERR: (ThinkException) 非法操作:dist
[ 2016-04-07T15:04:11+08:00 ] ERR: (ThinkException) 非法操作:assets
[ 2016-04-07T15:04:13+08:00 ] ERR: (ThinkException) Action:errer您所请求的方法不存在！
[ 2016-04-07T15:05:04+08:00 ] ERR: (ThinkException) Action:errer您所请求的方法不存在！
[ 2016-04-07T15:05:06+08:00 ] ERR: (ThinkException) Action:errer您所请求的方法不存在！
[ 2016-04-07T15:06:14+08:00 ] ERR: (ThinkException) 非法操作:dist
[ 2016-04-07T15:06:14+08:00 ] ERR: (ThinkException) 非法操作:assets
[ 2016-04-07T15:07:57+08:00 ] ERR: (ThinkException) 非法操作:dist
[ 2016-04-07T15:07:57+08:00 ] ERR: (ThinkException) 非法操作:assets
[ 2016-04-07T15:11:35+08:00 ] ERR: (ThinkException) 非法操作:assets
[ 2016-04-07T15:11:35+08:00 ] ERR: (ThinkException) 非法操作:dist
[ 2016-04-07T15:13:28+08:00 ] ERR: (ThinkException) 非法操作:dist
[ 2016-04-07T15:13:28+08:00 ] ERR: (ThinkException) 非法操作:assets
[ 2016-04-07T16:02:00+08:00 ] ERR: (ThinkException) 非法操作:dist
[ 2016-04-07T16:02:00+08:00 ] ERR: (ThinkException) 非法操作:assets
[ 2016-04-07T16:02:32+08:00 ] ERR: (ThinkException) 非法操作:dist
[ 2016-04-07T16:02:32+08:00 ] ERR: (ThinkException) 非法操作:assets
[ 2016-04-07T16:02:50+08:00 ] ERR: (ThinkException) 非法操作:dist
[ 2016-04-07T16:02:50+08:00 ] ERR: (ThinkException) 非法操作:assets
[ 2016-04-07T16:04:17+08:00 ] ERR: (ThinkException) 非法操作:assets
[ 2016-04-07T16:04:17+08:00 ] ERR: (ThinkException) 非法操作:dist
[ 2016-04-07T16:04:56+08:00 ] ERR: (ThinkException) 非法操作:assets
[ 2016-04-07T16:04:56+08:00 ] ERR: (ThinkException) 非法操作:dist
[ 2016-04-07T16:05:21+08:00 ] ERR: (ThinkException) 非法操作:dist
[ 2016-04-07T16:05:21+08:00 ] ERR: (ThinkException) 非法操作:assets
[ 2016-04-07T16:08:11+08:00 ] ERR: (ThinkException) 非法操作:dist
[ 2016-04-07T16:08:11+08:00 ] ERR: (ThinkException) 非法操作:assets
[ 2016-04-07T16:08:41+08:00 ] ERR: (ThinkException) 非法操作:assets
[ 2016-04-07T16:08:41+08:00 ] ERR: (ThinkException) 非法操作:dist
[ 2016-04-07T16:09:04+08:00 ] ERR: (ThinkException) 非法操作:assets
[ 2016-04-07T16:09:04+08:00 ] ERR: (ThinkException) 非法操作:dist
[ 2016-04-07T16:09:25+08:00 ] ERR: (ThinkException) 非法操作:assets
[ 2016-04-07T16:09:25+08:00 ] ERR: (ThinkException) 非法操作:dist
[ 2016-04-07T16:09:40+08:00 ] ERR: (ThinkException) 非法操作:dist
[ 2016-04-07T16:09:40+08:00 ] ERR: (ThinkException) 非法操作:assets
[ 2016-04-07T16:10:14+08:00 ] ERR: (ThinkException) 非法操作:dist
[ 2016-04-07T16:10:14+08:00 ] ERR: (ThinkException) 非法操作:assets
[ 2016-04-07T16:10:41+08:00 ] ERR: (ThinkException) 非法操作:dist
[ 2016-04-07T16:10:41+08:00 ] ERR: (ThinkException) 非法操作:assets
[ 2016-04-07T16:11:11+08:00 ] ERR: (ThinkException) 非法操作:assets
[ 2016-04-07T16:11:11+08:00 ] ERR: (ThinkException) 非法操作:dist
[ 2016-04-07T16:11:13+08:00 ] ERR: (ThinkException) 非法操作:dist
[ 2016-04-07T16:11:13+08:00 ] ERR: (ThinkException) 非法操作:assets
[ 2016-04-07T16:11:14+08:00 ] ERR: (ThinkException) 非法操作:dist
[ 2016-04-07T16:11:14+08:00 ] ERR: (ThinkException) 非法操作:assets
[ 2016-04-07T16:11:29+08:00 ] ERR: (ThinkException) 非法操作:assets
[ 2016-04-07T16:11:29+08:00 ] ERR: (ThinkException) 非法操作:dist
[ 2016-04-07T16:12:09+08:00 ] ERR: (ThinkException) 非法操作:assets
[ 2016-04-07T16:12:09+08:00 ] ERR: (ThinkException) 非法操作:dist
[ 2016-04-07T16:12:28+08:00 ] ERR: (ThinkException) 非法操作:dist
[ 2016-04-07T16:12:28+08:00 ] ERR: (ThinkException) 非法操作:assets
[ 2016-04-07T16:13:00+08:00 ] ERR: (ThinkException) 非法操作:dist
[ 2016-04-07T16:13:00+08:00 ] ERR: (ThinkException) 非法操作:assets
[ 2016-04-07T16:13:14+08:00 ] ERR: (ThinkException) 非法操作:assets
[ 2016-04-07T16:13:14+08:00 ] ERR: (ThinkException) 非法操作:dist
[ 2016-04-07T16:13:55+08:00 ] ERR: (ThinkException) 非法操作:dist
[ 2016-04-07T16:13:55+08:00 ] ERR: (ThinkException) 非法操作:assets
[ 2016-04-07T16:14:32+08:00 ] ERR: (ThinkException) 非法操作:dist
[ 2016-04-07T16:14:32+08:00 ] ERR: (ThinkException) 非法操作:assets
