[ 2016-04-12T08:53:05+08:00 ] ERR: (ThinkException) 非法操作:jquery-ui-1.9.2.custom.css
[ 2016-04-12T08:53:05+08:00 ] ERR: (ThinkException) 非法操作:jquery-ui-1.9.2.custom.min.js
[ 2016-04-12T08:53:05+08:00 ] ERR: (ThinkException) 非法操作:UserSerlvt
[ 2016-04-12T08:53:36+08:00 ] ERR: (ThinkException) 非法操作:UserSerlvt
[ 2016-04-12T08:53:37+08:00 ] ERR: (ThinkException) 非法操作:UserSerlvt
[ 2016-04-12T08:53:53+08:00 ] ERR: (ThinkException) 非法操作:UserSerlvt
[ 2016-04-12T10:19:16+08:00 ] ERR: (ThinkException) 非法操作:UserSerlvt
[ 2016-04-12T10:19:21+08:00 ] ERR: (ThinkException) 非法操作:bootgrid
[ 2016-04-12T10:19:27+08:00 ] ERR: (ThinkException) 非法操作:bootgrid
[ 2016-04-12T10:20:47+08:00 ] ERR: (ThinkException) 非法操作:UserSerlvt
[ 2016-04-12T10:21:11+08:00 ] ERR: (ThinkException) 非法操作:UserSerlvt
[ 2016-04-12T10:21:12+08:00 ] ERR: (ThinkException) 非法操作:UserSerlvt
[ 2016-04-12T10:21:16+08:00 ] ERR: (ThinkException) 非法操作:UserSerlvt
[ 2016-04-12T10:21:35+08:00 ] ERR: (ThinkException) 非法操作:bootgrid
[ 2016-04-12T10:23:42+08:00 ] ERR: (ThinkException) 非法操作:UserSerlvt
[ 2016-04-12T10:23:47+08:00 ] ERR: (ThinkException) 非法操作:UserSerlvt
[ 2016-04-12T10:23:49+08:00 ] ERR: (ThinkException) 非法操作:UserSerlvt
[ 2016-04-12T10:24:30+08:00 ] ERR: (ThinkException) 非法操作:UserSerlvt
[ 2016-04-12T10:24:53+08:00 ] ERR: (ThinkException) 非法操作:UserSerlvt
[ 2016-04-12T10:24:55+08:00 ] ERR: (ThinkException) 非法操作:UserSerlvt
[ 2016-04-12T10:25:30+08:00 ] ERR: (ThinkException) 非法操作:UserSerlvt
[ 2016-04-12T10:25:31+08:00 ] ERR: (ThinkException) 非法操作:UserSerlvt
[ 2016-04-12T10:25:32+08:00 ] ERR: (ThinkException) 非法操作:UserSerlvt
[ 2016-04-12T10:25:32+08:00 ] ERR: (ThinkException) 非法操作:UserSerlvt
[ 2016-04-12T10:52:21+08:00 ] ERR: (ThinkException) 非法操作:UserSerlvt
[ 2016-04-12T10:52:22+08:00 ] ERR: (ThinkException) 非法操作:UserSerlvt
[ 2016-04-12T10:53:24+08:00 ] ERR: (ThinkException) 非法操作:UserSerlvt
[ 2016-04-12T10:53:30+08:00 ] ERR: (ThinkException) 非法操作:UserSerlvt
[ 2016-04-12T10:53:41+08:00 ] ERR: (ThinkException) 非法操作:UserSerlvt
[ 2016-04-12T10:53:43+08:00 ] ERR: (ThinkException) 非法操作:UserSerlvt
[ 2016-04-12T10:53:44+08:00 ] ERR: (ThinkException) 非法操作:UserSerlvt
[ 2016-04-12T10:53:45+08:00 ] ERR: (ThinkException) 非法操作:UserSerlvt
[ 2016-04-12T10:53:49+08:00 ] ERR: (ThinkException) 非法操作:UserSerlvt
[ 2016-04-12T10:53:51+08:00 ] ERR: (ThinkException) 非法操作:UserSerlvt
[ 2016-04-12T10:54:01+08:00 ] ERR: (ThinkException) 非法操作:UserSerlvt
[ 2016-04-12T11:38:49+08:00 ] ERR: (ThinkException) 非法操作:UserSerlvt
[ 2016-04-12T11:40:30+08:00 ] ERR: (ThinkException) 非法操作:UserSerlvt
[ 2016-04-12T11:45:19+08:00 ] ERR: (ThinkException) 非法操作:UserSerlvt
[ 2016-04-12T12:13:35+08:00 ] ERR: (ThinkException) 非法操作:UserSerlvt
[ 2016-04-12T12:21:26+08:00 ] ERR: (ThinkException) 非法操作:UserSerlvt
[ 2016-04-12T12:21:39+08:00 ] ERR: (ThinkException) 非法操作:UserSerlvt
[ 2016-04-12T12:22:39+08:00 ] ERR: (ThinkException) 非法操作:UserSerlvt
[ 2016-04-12T12:31:38+08:00 ] ERR: (ThinkException) 非法操作:bg
[ 2016-04-12T12:31:49+08:00 ] ERR: (ThinkException) 模板不存在[./project/Tpl/PaperSharing/backStage.html]
[ 2016-04-12T12:34:21+08:00 ] ERR: (ThinkException) 非法操作:UserSerlvt
[ 2016-04-12T12:34:26+08:00 ] ERR: (ThinkException) 非法操作:UserSerlvt
[ 2016-04-12T13:55:26+08:00 ] ERR: (ThinkException) 非法操作:listArticlehtml
[ 2016-04-12T15:45:07+08:00 ] ERR: (ThinkException) 非法操作:UserSerlvt
[ 2016-04-12T15:45:12+08:00 ] ERR: (ThinkException) 非法操作:UserSerlvt
[ 2016-04-12T15:49:06+08:00 ] ERR: (ThinkException) 模板不存在[./project/Tpl/PaperSharing/searchArticle.html]
