[ 2016-04-05T10:31:31+08:00 ] ERR: (ThinkException) 非法操作:dist
[ 2016-04-05T10:31:31+08:00 ] ERR: (ThinkException) 非法操作:assets
[ 2016-04-05T10:31:41+08:00 ] ERR: (ThinkException) 非法操作:dist
[ 2016-04-05T10:31:41+08:00 ] ERR: (ThinkException) 非法操作:assets
[ 2016-04-05T10:32:11+08:00 ] ERR: (ThinkException) 非法操作:dist
[ 2016-04-05T10:32:11+08:00 ] ERR: (ThinkException) 非法操作:assets
[ 2016-04-05T10:33:23+08:00 ] ERR: (ThinkException) 非法操作:dist
[ 2016-04-05T10:33:23+08:00 ] ERR: (ThinkException) 非法操作:assets
[ 2016-04-05T10:34:17+08:00 ] ERR: (ThinkException) 非法操作:dist
[ 2016-04-05T10:34:17+08:00 ] ERR: (ThinkException) 非法操作:assets
[ 2016-04-05T10:34:25+08:00 ] ERR: (ThinkException) 非法操作:dist
[ 2016-04-05T10:34:25+08:00 ] ERR: (ThinkException) 非法操作:assets
[ 2016-04-05T10:39:21+08:00 ] ERR: (ThinkException) 非法操作:assets
[ 2016-04-05T10:39:21+08:00 ] ERR: (ThinkException) 非法操作:dist
[ 2016-04-05T10:39:45+08:00 ] ERR: (ThinkException) 非法操作:assets
[ 2016-04-05T10:39:45+08:00 ] ERR: (ThinkException) 非法操作:dist
[ 2016-04-05T16:23:57+08:00 ] ERR: (ThinkException) 非法操作:dist
[ 2016-04-05T16:23:58+08:00 ] ERR: (ThinkException) 非法操作:assets
[ 2016-04-05T16:59:57+08:00 ] ERR: (ThinkException) 非法操作:PaperSharing
[ 2016-04-05T17:00:17+08:00 ] ERR: (ThinkException) 模板不存在[./project/Tpl/PaperSharing/admin.html]
[ 2016-04-05T17:02:02+08:00 ] ERR: (ThinkException) 非法操作:addAdmin
[ 2016-04-05T17:02:45+08:00 ] ERR: (ThinkException) 模板不存在[./project/Tpl/PaperSharing/addAdmin.html]
[ 2016-04-05T20:51:08+08:00 ] ERR: (ThinkException) 非法操作:dist
[ 2016-04-05T20:51:08+08:00 ] ERR: (ThinkException) 非法操作:assets
[ 2016-04-05T20:52:11+08:00 ] ERR: (ThinkException) 非法操作:dist
[ 2016-04-05T20:52:11+08:00 ] ERR: (ThinkException) 非法操作:assets
[ 2016-04-05T20:53:02+08:00 ] ERR: (ThinkException) 非法操作:dist
[ 2016-04-05T20:53:02+08:00 ] ERR: (ThinkException) 非法操作:assets
[ 2016-04-05T20:53:04+08:00 ] ERR: (ThinkException) 非法操作:assets
[ 2016-04-05T20:53:04+08:00 ] ERR: (ThinkException) 非法操作:dist
[ 2016-04-05T20:54:14+08:00 ] ERR: (ThinkException) 非法操作:assets
[ 2016-04-05T20:54:14+08:00 ] ERR: (ThinkException) 非法操作:dist
[ 2016-04-05T20:55:11+08:00 ] ERR: (ThinkException) 非法操作:dist
[ 2016-04-05T20:55:11+08:00 ] ERR: (ThinkException) 非法操作:assets
[ 2016-04-05T20:55:13+08:00 ] ERR: (ThinkException) 非法操作:assets
[ 2016-04-05T20:55:13+08:00 ] ERR: (ThinkException) 非法操作:dist
[ 2016-04-05T20:55:14+08:00 ] ERR: (ThinkException) 非法操作:assets
[ 2016-04-05T20:55:14+08:00 ] ERR: (ThinkException) 非法操作:dist
[ 2016-04-05T20:55:33+08:00 ] ERR: (ThinkException) 非法操作:assets
[ 2016-04-05T20:55:33+08:00 ] ERR: (ThinkException) 非法操作:dist
[ 2016-04-05T20:55:34+08:00 ] ERR: (ThinkException) 非法操作:assets
[ 2016-04-05T20:55:34+08:00 ] ERR: (ThinkException) 非法操作:dist
[ 2016-04-05T20:55:34+08:00 ] ERR: (ThinkException) 非法操作:assets
[ 2016-04-05T20:55:34+08:00 ] ERR: (ThinkException) 非法操作:dist
[ 2016-04-05T20:55:34+08:00 ] ERR: (ThinkException) 非法操作:assets
[ 2016-04-05T20:55:34+08:00 ] ERR: (ThinkException) 非法操作:dist
[ 2016-04-05T20:55:35+08:00 ] ERR: (ThinkException) 非法操作:assets
[ 2016-04-05T20:55:36+08:00 ] ERR: (ThinkException) 非法操作:dist
[ 2016-04-05T20:56:13+08:00 ] ERR: (ThinkException) 非法操作:assets
[ 2016-04-05T20:56:13+08:00 ] ERR: (ThinkException) 非法操作:dist
[ 2016-04-05T20:56:14+08:00 ] ERR: (ThinkException) 非法操作:assets
[ 2016-04-05T20:56:14+08:00 ] ERR: (ThinkException) 非法操作:dist
[ 2016-04-05T20:56:15+08:00 ] ERR: (ThinkException) 非法操作:assets
[ 2016-04-05T20:56:15+08:00 ] ERR: (ThinkException) 非法操作:dist
[ 2016-04-05T20:56:15+08:00 ] ERR: (ThinkException) 非法操作:assets
[ 2016-04-05T20:56:15+08:00 ] ERR: (ThinkException) 非法操作:dist
[ 2016-04-05T20:57:28+08:00 ] ERR: (ThinkException) 非法操作:assets
[ 2016-04-05T20:57:28+08:00 ] ERR: (ThinkException) 非法操作:dist
[ 2016-04-05T20:57:29+08:00 ] ERR: (ThinkException) 非法操作:assets
[ 2016-04-05T20:57:29+08:00 ] ERR: (ThinkException) 非法操作:dist
[ 2016-04-05T20:57:30+08:00 ] ERR: (ThinkException) 非法操作:assets
[ 2016-04-05T20:57:30+08:00 ] ERR: (ThinkException) 非法操作:dist
[ 2016-04-05T20:58:15+08:00 ] ERR: (ThinkException) 非法操作:assets
[ 2016-04-05T20:58:15+08:00 ] ERR: (ThinkException) 非法操作:dist
[ 2016-04-05T20:58:16+08:00 ] ERR: (ThinkException) 非法操作:assets
[ 2016-04-05T20:58:16+08:00 ] ERR: (ThinkException) 非法操作:dist
[ 2016-04-05T20:58:16+08:00 ] ERR: (ThinkException) 非法操作:assets
[ 2016-04-05T20:58:16+08:00 ] ERR: (ThinkException) 非法操作:dist
[ 2016-04-05T20:58:16+08:00 ] ERR: (ThinkException) 非法操作:assets
[ 2016-04-05T20:58:16+08:00 ] ERR: (ThinkException) 非法操作:dist
[ 2016-04-05T20:58:17+08:00 ] ERR: (ThinkException) 非法操作:assets
[ 2016-04-05T20:58:17+08:00 ] ERR: (ThinkException) 非法操作:dist
[ 2016-04-05T20:58:17+08:00 ] ERR: (ThinkException) 非法操作:dist
[ 2016-04-05T20:58:17+08:00 ] ERR: (ThinkException) 非法操作:assets
[ 2016-04-05T20:58:18+08:00 ] ERR: (ThinkException) 非法操作:assets
[ 2016-04-05T20:58:18+08:00 ] ERR: (ThinkException) 非法操作:dist
[ 2016-04-05T20:59:59+08:00 ] ERR: (ThinkException) 非法操作:dist
[ 2016-04-05T20:59:59+08:00 ] ERR: (ThinkException) 非法操作:assets
[ 2016-04-05T21:00:25+08:00 ] ERR: (ThinkException) 非法操作:dist
[ 2016-04-05T21:00:25+08:00 ] ERR: (ThinkException) 非法操作:assets
[ 2016-04-05T21:00:56+08:00 ] ERR: (ThinkException) 非法操作:dist
[ 2016-04-05T21:00:56+08:00 ] ERR: (ThinkException) 非法操作:assets
[ 2016-04-05T21:01:24+08:00 ] ERR: (ThinkException) 非法操作:dist
[ 2016-04-05T21:01:24+08:00 ] ERR: (ThinkException) 非法操作:assets
[ 2016-04-05T21:01:52+08:00 ] ERR: (ThinkException) 非法操作:assets
[ 2016-04-05T21:01:52+08:00 ] ERR: (ThinkException) 非法操作:dist
[ 2016-04-05T21:02:28+08:00 ] ERR: (ThinkException) 非法操作:dist
[ 2016-04-05T21:02:28+08:00 ] ERR: (ThinkException) 非法操作:assets
[ 2016-04-05T21:02:50+08:00 ] ERR: (ThinkException) 非法操作:dist
[ 2016-04-05T21:02:50+08:00 ] ERR: (ThinkException) 非法操作:assets
[ 2016-04-05T21:02:52+08:00 ] ERR: (ThinkException) 非法操作:dist
[ 2016-04-05T21:02:52+08:00 ] ERR: (ThinkException) 非法操作:assets
[ 2016-04-05T21:02:53+08:00 ] ERR: (ThinkException) 非法操作:dist
[ 2016-04-05T21:02:53+08:00 ] ERR: (ThinkException) 非法操作:assets
[ 2016-04-05T21:03:48+08:00 ] ERR: (ThinkException) 非法操作:dist
[ 2016-04-05T21:03:48+08:00 ] ERR: (ThinkException) 非法操作:assets
[ 2016-04-05T21:03:57+08:00 ] ERR: (ThinkException) 非法操作:assets
[ 2016-04-05T21:03:57+08:00 ] ERR: (ThinkException) 非法操作:dist
[ 2016-04-05T21:04:24+08:00 ] ERR: (ThinkException) 非法操作:assets
[ 2016-04-05T21:04:24+08:00 ] ERR: (ThinkException) 非法操作:dist
[ 2016-04-05T21:04:44+08:00 ] ERR: (ThinkException) 非法操作:dist
[ 2016-04-05T21:04:44+08:00 ] ERR: (ThinkException) 非法操作:assets
[ 2016-04-05T21:05:14+08:00 ] ERR: (ThinkException) 非法操作:dist
[ 2016-04-05T21:05:14+08:00 ] ERR: (ThinkException) 非法操作:assets
[ 2016-04-05T21:05:15+08:00 ] ERR: (ThinkException) 非法操作:dist
[ 2016-04-05T21:05:15+08:00 ] ERR: (ThinkException) 非法操作:assets
[ 2016-04-05T21:06:00+08:00 ] ERR: (ThinkException) 非法操作:dist
[ 2016-04-05T21:06:00+08:00 ] ERR: (ThinkException) 非法操作:assets
[ 2016-04-05T21:06:01+08:00 ] ERR: (ThinkException) 非法操作:assets
[ 2016-04-05T21:06:01+08:00 ] ERR: (ThinkException) 非法操作:dist
[ 2016-04-05T21:06:02+08:00 ] ERR: (ThinkException) 非法操作:assets
[ 2016-04-05T21:06:02+08:00 ] ERR: (ThinkException) 非法操作:dist
[ 2016-04-05T21:06:38+08:00 ] ERR: (ThinkException) 非法操作:assets
[ 2016-04-05T21:06:38+08:00 ] ERR: (ThinkException) 非法操作:dist
[ 2016-04-05T21:06:39+08:00 ] ERR: (ThinkException) 非法操作:assets
[ 2016-04-05T21:06:39+08:00 ] ERR: (ThinkException) 非法操作:dist
[ 2016-04-05T21:06:40+08:00 ] ERR: (ThinkException) 非法操作:assets
[ 2016-04-05T21:06:40+08:00 ] ERR: (ThinkException) 非法操作:dist
[ 2016-04-05T21:06:40+08:00 ] ERR: (ThinkException) 非法操作:assets
[ 2016-04-05T21:06:40+08:00 ] ERR: (ThinkException) 非法操作:dist
[ 2016-04-05T21:06:40+08:00 ] ERR: (ThinkException) 非法操作:assets
[ 2016-04-05T21:06:41+08:00 ] ERR: (ThinkException) 非法操作:dist
[ 2016-04-05T21:06:41+08:00 ] ERR: (ThinkException) 非法操作:assets
[ 2016-04-05T21:06:41+08:00 ] ERR: (ThinkException) 非法操作:dist
[ 2016-04-05T21:06:42+08:00 ] ERR: (ThinkException) 非法操作:assets
[ 2016-04-05T21:06:42+08:00 ] ERR: (ThinkException) 非法操作:dist
[ 2016-04-05T21:06:43+08:00 ] ERR: (ThinkException) 非法操作:assets
[ 2016-04-05T21:06:43+08:00 ] ERR: (ThinkException) 非法操作:dist
[ 2016-04-05T21:06:56+08:00 ] ERR: (ThinkException) 非法操作:dist
[ 2016-04-05T21:06:56+08:00 ] ERR: (ThinkException) 非法操作:assets
[ 2016-04-05T21:07:25+08:00 ] ERR: (ThinkException) 非法操作:dist
[ 2016-04-05T21:07:25+08:00 ] ERR: (ThinkException) 非法操作:assets
[ 2016-04-05T21:07:26+08:00 ] ERR: (ThinkException) 非法操作:assets
[ 2016-04-05T21:07:26+08:00 ] ERR: (ThinkException) 非法操作:dist
[ 2016-04-05T21:07:44+08:00 ] ERR: (ThinkException) 非法操作:dist
[ 2016-04-05T21:07:44+08:00 ] ERR: (ThinkException) 非法操作:assets
[ 2016-04-05T21:07:53+08:00 ] ERR: (ThinkException) 非法操作:dist
[ 2016-04-05T21:07:53+08:00 ] ERR: (ThinkException) 非法操作:assets
[ 2016-04-05T21:08:04+08:00 ] ERR: (ThinkException) 非法操作:dist
[ 2016-04-05T21:08:04+08:00 ] ERR: (ThinkException) 非法操作:assets
[ 2016-04-05T21:08:14+08:00 ] ERR: (ThinkException) 非法操作:dist
[ 2016-04-05T21:08:14+08:00 ] ERR: (ThinkException) 非法操作:assets
[ 2016-04-05T21:08:46+08:00 ] ERR: (ThinkException) 非法操作:dist
[ 2016-04-05T21:08:46+08:00 ] ERR: (ThinkException) 非法操作:assets
[ 2016-04-05T21:08:59+08:00 ] ERR: (ThinkException) 非法操作:dist
[ 2016-04-05T21:08:59+08:00 ] ERR: (ThinkException) 非法操作:assets
[ 2016-04-05T21:10:07+08:00 ] ERR: (ThinkException) 非法操作:assets
[ 2016-04-05T21:10:07+08:00 ] ERR: (ThinkException) 非法操作:dist
[ 2016-04-05T21:18:42+08:00 ] ERR: (ThinkException) 非法操作:dist
[ 2016-04-05T21:18:42+08:00 ] ERR: (ThinkException) 非法操作:assets
[ 2016-04-05T21:19:57+08:00 ] ERR: (ThinkException) 非法操作:dist
[ 2016-04-05T21:19:57+08:00 ] ERR: (ThinkException) 非法操作:assets
[ 2016-04-05T21:20:28+08:00 ] ERR: (ThinkException) 非法操作:assets
[ 2016-04-05T21:20:28+08:00 ] ERR: (ThinkException) 非法操作:dist
[ 2016-04-05T21:20:48+08:00 ] ERR: (ThinkException) 非法操作:dist
[ 2016-04-05T21:20:48+08:00 ] ERR: (ThinkException) 非法操作:assets
[ 2016-04-05T21:21:02+08:00 ] ERR: (ThinkException) 非法操作:assets
[ 2016-04-05T21:21:02+08:00 ] ERR: (ThinkException) 非法操作:dist
[ 2016-04-05T21:21:05+08:00 ] ERR: (ThinkException) 非法操作:dist
[ 2016-04-05T21:21:05+08:00 ] ERR: (ThinkException) 非法操作:assets
[ 2016-04-05T21:21:12+08:00 ] ERR: (ThinkException) 非法操作:dist
[ 2016-04-05T21:21:12+08:00 ] ERR: (ThinkException) 非法操作:assets
[ 2016-04-05T21:22:07+08:00 ] ERR: (ThinkException) 非法操作:dist
[ 2016-04-05T21:22:07+08:00 ] ERR: (ThinkException) 非法操作:assets
[ 2016-04-05T21:22:08+08:00 ] ERR: (ThinkException) 非法操作:assets
[ 2016-04-05T21:22:08+08:00 ] ERR: (ThinkException) 非法操作:dist
[ 2016-04-05T21:22:19+08:00 ] ERR: (ThinkException) 非法操作:dist
[ 2016-04-05T21:22:19+08:00 ] ERR: (ThinkException) 非法操作:assets
[ 2016-04-05T21:22:20+08:00 ] ERR: (ThinkException) 非法操作:assets
[ 2016-04-05T21:22:20+08:00 ] ERR: (ThinkException) 非法操作:dist
[ 2016-04-05T21:22:39+08:00 ] ERR: (ThinkException) 非法操作:assets
[ 2016-04-05T21:22:39+08:00 ] ERR: (ThinkException) 非法操作:dist
[ 2016-04-05T21:22:50+08:00 ] ERR: (ThinkException) 非法操作:assets
[ 2016-04-05T21:22:50+08:00 ] ERR: (ThinkException) 非法操作:dist
[ 2016-04-05T21:23:40+08:00 ] ERR: (ThinkException) 非法操作:dist
[ 2016-04-05T21:23:40+08:00 ] ERR: (ThinkException) 非法操作:assets
[ 2016-04-05T22:38:42+08:00 ] ERR: (ThinkException) 非法操作:assets
[ 2016-04-05T22:38:42+08:00 ] ERR: (ThinkException) 非法操作:dist
[ 2016-04-05T22:39:17+08:00 ] ERR: (ThinkException) 非法操作:dist
[ 2016-04-05T22:39:17+08:00 ] ERR: (ThinkException) 非法操作:assets
[ 2016-04-05T22:39:19+08:00 ] ERR: (ThinkException) 非法操作:assets
[ 2016-04-05T22:39:19+08:00 ] ERR: (ThinkException) 非法操作:dist
[ 2016-04-05T22:39:25+08:00 ] ERR: (ThinkException) 非法操作:dist
[ 2016-04-05T22:39:25+08:00 ] ERR: (ThinkException) 非法操作:assets
[ 2016-04-05T22:41:57+08:00 ] ERR: (ThinkException) 非法操作:dist
[ 2016-04-05T22:41:57+08:00 ] ERR: (ThinkException) 非法操作:assets
[ 2016-04-05T22:42:10+08:00 ] ERR: (ThinkException) 非法操作:dist
[ 2016-04-05T22:42:10+08:00 ] ERR: (ThinkException) 非法操作:assets
[ 2016-04-05T22:43:08+08:00 ] ERR: (ThinkException) 非法操作:dist
[ 2016-04-05T22:43:08+08:00 ] ERR: (ThinkException) 非法操作:assets
[ 2016-04-05T22:44:12+08:00 ] ERR: (ThinkException) 非法操作:dist
[ 2016-04-05T22:44:12+08:00 ] ERR: (ThinkException) 非法操作:assets
[ 2016-04-05T22:44:48+08:00 ] ERR: (ThinkException) 非法操作:dist
[ 2016-04-05T22:44:48+08:00 ] ERR: (ThinkException) 非法操作:assets
[ 2016-04-05T22:45:06+08:00 ] ERR: (ThinkException) 非法操作:assets
[ 2016-04-05T22:45:06+08:00 ] ERR: (ThinkException) 非法操作:dist
[ 2016-04-05T22:46:12+08:00 ] ERR: (ThinkException) 非法操作:dist
[ 2016-04-05T22:46:12+08:00 ] ERR: (ThinkException) 非法操作:assets
[ 2016-04-05T22:46:17+08:00 ] ERR: (ThinkException) 非法操作:dist
[ 2016-04-05T22:46:17+08:00 ] ERR: (ThinkException) 非法操作:assets
[ 2016-04-05T22:47:28+08:00 ] ERR: (ThinkException) 非法操作:dist
[ 2016-04-05T22:47:28+08:00 ] ERR: (ThinkException) 非法操作:assets
[ 2016-04-05T22:53:26+08:00 ] ERR: (ThinkException) 非法操作:dist
[ 2016-04-05T22:53:26+08:00 ] ERR: (ThinkException) 非法操作:assets
[ 2016-04-05T22:53:32+08:00 ] ERR: (ThinkException) 非法操作:dist
[ 2016-04-05T22:53:32+08:00 ] ERR: (ThinkException) 非法操作:assets
[ 2016-04-05T22:57:16+08:00 ] ERR: (ThinkException) 非法操作:dist
[ 2016-04-05T22:57:16+08:00 ] ERR: (ThinkException) 非法操作:assets
[ 2016-04-05T22:57:21+08:00 ] ERR: (ThinkException) 非法操作:dist
[ 2016-04-05T22:57:21+08:00 ] ERR: (ThinkException) 非法操作:assets
