[ 2016-04-10T13:58:43+08:00 ] ERR: (ThinkException) 非法操作:dist
[ 2016-04-10T13:58:43+08:00 ] ERR: (ThinkException) 非法操作:assets
[ 2016-04-10T15:37:23+08:00 ] ERR: (ThinkException) Action:askAdmin您所请求的方法不存在！
[ 2016-04-10T15:45:39+08:00 ] ERR: (ThinkException) 非法操作:__ROOT__
[ 2016-04-10T15:46:04+08:00 ] ERR: (ThinkException) 非法操作:__ROOT__
[ 2016-04-10T15:55:19+08:00 ] ERR: (ThinkException) 非法操作:dist
[ 2016-04-10T15:55:19+08:00 ] ERR: (ThinkException) 非法操作:assets
[ 2016-04-10T15:57:42+08:00 ] ERR: (ThinkException) 非法操作:dist
[ 2016-04-10T15:57:42+08:00 ] ERR: (ThinkException) 非法操作:assets
[ 2016-04-10T16:00:25+08:00 ] ERR: (ThinkException) 非法操作:dist
[ 2016-04-10T16:00:25+08:00 ] ERR: (ThinkException) 非法操作:assets
[ 2016-04-10T16:01:35+08:00 ] ERR: (ThinkException) 非法操作:dist
[ 2016-04-10T16:01:35+08:00 ] ERR: (ThinkException) 非法操作:assets
[ 2016-04-10T16:02:00+08:00 ] ERR: (ThinkException) 非法操作:dist
[ 2016-04-10T16:02:00+08:00 ] ERR: (ThinkException) 非法操作:assets
[ 2016-04-10T16:02:24+08:00 ] ERR: (ThinkException) 非法操作:dist
[ 2016-04-10T16:02:24+08:00 ] ERR: (ThinkException) 非法操作:assets
[ 2016-04-10T16:02:49+08:00 ] ERR: (ThinkException) 非法操作:assets
[ 2016-04-10T16:02:49+08:00 ] ERR: (ThinkException) 非法操作:dist
[ 2016-04-10T16:03:18+08:00 ] ERR: (ThinkException) 非法操作:assets
[ 2016-04-10T16:03:18+08:00 ] ERR: (ThinkException) 非法操作:dist
[ 2016-04-10T16:03:51+08:00 ] ERR: (ThinkException) 非法操作:dist
[ 2016-04-10T16:03:51+08:00 ] ERR: (ThinkException) 非法操作:assets
[ 2016-04-10T16:03:52+08:00 ] ERR: (ThinkException) 非法操作:dist
[ 2016-04-10T16:03:52+08:00 ] ERR: (ThinkException) 非法操作:assets
[ 2016-04-10T16:03:54+08:00 ] ERR: (ThinkException) 非法操作:dist
[ 2016-04-10T16:03:54+08:00 ] ERR: (ThinkException) 非法操作:assets
[ 2016-04-10T16:03:55+08:00 ] ERR: (ThinkException) 非法操作:assets
[ 2016-04-10T16:03:55+08:00 ] ERR: (ThinkException) 非法操作:dist
[ 2016-04-10T16:14:56+08:00 ] ERR: (ThinkException) 非法操作:assets
[ 2016-04-10T16:14:56+08:00 ] ERR: (ThinkException) 非法操作:dist
[ 2016-04-10T16:16:03+08:00 ] ERR: (ThinkException) 非法操作:dist
[ 2016-04-10T16:16:03+08:00 ] ERR: (ThinkException) 非法操作:assets
[ 2016-04-10T16:17:21+08:00 ] ERR: (ThinkException) 非法操作:dist
[ 2016-04-10T16:17:21+08:00 ] ERR: (ThinkException) 非法操作:assets
[ 2016-04-10T16:22:53+08:00 ] ERR: (ThinkException) 非法操作:assets
[ 2016-04-10T16:22:53+08:00 ] ERR: (ThinkException) 非法操作:dist
[ 2016-04-10T16:22:59+08:00 ] ERR: (ThinkException) 非法操作:dist
[ 2016-04-10T16:22:59+08:00 ] ERR: (ThinkException) 非法操作:assets
[ 2016-04-10T16:23:37+08:00 ] ERR: (ThinkException) 非法操作:dist
[ 2016-04-10T16:23:37+08:00 ] ERR: (ThinkException) 非法操作:assets
[ 2016-04-10T16:25:49+08:00 ] ERR: (ThinkException) 非法操作:dist
[ 2016-04-10T16:25:49+08:00 ] ERR: (ThinkException) 非法操作:assets
[ 2016-04-10T16:26:03+08:00 ] ERR: (ThinkException) 非法操作:dist
[ 2016-04-10T16:26:03+08:00 ] ERR: (ThinkException) 非法操作:assets
[ 2016-04-10T16:59:48+08:00 ] ERR: (ThinkException) 非法操作:dist
[ 2016-04-10T16:59:48+08:00 ] ERR: (ThinkException) 非法操作:assets
[ 2016-04-10T16:59:55+08:00 ] ERR: (ThinkException) 非法操作:dist
[ 2016-04-10T16:59:55+08:00 ] ERR: (ThinkException) 非法操作:assets
[ 2016-04-10T17:00:08+08:00 ] ERR: (ThinkException) 非法操作:dist
[ 2016-04-10T17:00:08+08:00 ] ERR: (ThinkException) 非法操作:assets
[ 2016-04-10T18:59:45+08:00 ] ERR: (ThinkException) 非法操作:search
[ 2016-04-10T19:00:23+08:00 ] ERR: (ThinkException) 非法操作:search
[ 2016-04-10T19:00:26+08:00 ] ERR: (ThinkException) 非法操作:search
[ 2016-04-10T19:00:38+08:00 ] ERR: (ThinkException) 非法操作:search
[ 2016-04-10T19:01:04+08:00 ] ERR: (ThinkException) 非法操作:search
[ 2016-04-10T19:04:01+08:00 ] ERR: (ThinkException) 非法操作:search
[ 2016-04-10T19:04:21+08:00 ] ERR: (ThinkException) 非法操作:search
