[ 2016-03-30T14:44:39+08:00 ] ERR: (ThinkException) 非法操作:add
[ 2016-03-30T14:46:12+08:00 ] ERR: (ThinkException) 非法操作:add
[ 2016-03-30T18:16:40+08:00 ] ERR: (ThinkException) 无法加载模块:Amazon 32.ico
[ 2016-03-30T18:16:40+08:00 ] ERR: (ThinkException) 无法加载模块:Amazon 32.ico
[ 2016-03-30T18:19:33+08:00 ] ERR: (ThinkException) 模板不存在[./project/Tpl/Index/index.html]
[ 2016-03-30T19:13:59+08:00 ] ERR: (ThinkException) 模板不存在[./project/Tpl/PaperSharing/index.html]
[ 2016-03-30T19:22:40+08:00 ] ERR: (ThinkException) 模板不存在[./project/Tpl/PaperSharing/index.html]
[ 2016-03-30T19:23:21+08:00 ] ERR: (ThinkException) 非法操作:index.php
[ 2016-03-30T19:36:21+08:00 ] ERR: (ThinkException) 模板不存在[./project/Tpl/PaperSharing/index.html]
[ 2016-03-30T19:39:40+08:00 ] ERR: (ThinkException) 模板不存在[./project/Tpl/PaperSharing/index.html]
[ 2016-03-30T19:39:53+08:00 ] ERR: (ThinkException) 模板不存在[./project/Tpl/PaperSharing/index.html]
[ 2016-03-30T19:42:12+08:00 ] ERR: (ThinkException) 模板不存在[./project/Tpl/PaperSharing/index.html]
[ 2016-03-30T19:49:43+08:00 ] ERR: (ThinkException) 模板不存在[./project/Tpl/PaperSharing/admin.html]
[ 2016-03-30T19:50:28+08:00 ] ERR: (ThinkException) 模板不存在[./project/Tpl/PaperSharing/admin.html]
[ 2016-03-30T19:50:36+08:00 ] ERR: (ThinkException) 非法操作:admin.php
[ 2016-03-30T20:48:43+08:00 ] ERR: (ThinkException) 非法操作:login.php
[ 2016-03-30T20:50:07+08:00 ] ERR: (ThinkException) 非法操作:login.php
[ 2016-03-30T20:50:07+08:00 ] ERR: (ThinkException) 非法操作:login.php
[ 2016-03-30T20:50:28+08:00 ] ERR: (ThinkException) 非法操作:login.php
[ 2016-03-30T20:50:28+08:00 ] ERR: (ThinkException) 非法操作:login.php
[ 2016-03-30T20:50:29+08:00 ] ERR: (ThinkException) 非法操作:login.php
[ 2016-03-30T20:50:30+08:00 ] ERR: (ThinkException) 非法操作:login.php
[ 2016-03-30T20:50:31+08:00 ] ERR: (ThinkException) 非法操作:login.php
[ 2016-03-30T20:50:32+08:00 ] ERR: (ThinkException) 非法操作:login.php
[ 2016-03-30T20:50:33+08:00 ] ERR: (ThinkException) 非法操作:login.php
[ 2016-03-30T20:50:34+08:00 ] ERR: (ThinkException) 非法操作:login.php
[ 2016-03-30T20:51:29+08:00 ] ERR: (ThinkException) 非法操作:login.php
[ 2016-03-30T20:51:30+08:00 ] ERR: (ThinkException) 非法操作:login.php
[ 2016-03-30T20:51:31+08:00 ] ERR: (ThinkException) 非法操作:login.php
[ 2016-03-30T20:51:32+08:00 ] ERR: (ThinkException) 非法操作:login.php
[ 2016-03-30T20:51:32+08:00 ] ERR: (ThinkException) 非法操作:login.php
[ 2016-03-30T21:03:41+08:00 ] ERR: (ThinkException) 非法操作:login.php
[ 2016-03-30T21:03:42+08:00 ] ERR: (ThinkException) 非法操作:login.php
[ 2016-03-30T21:05:32+08:00 ] ERR: (ThinkException) 非法操作:login.php
[ 2016-03-30T21:05:32+08:00 ] ERR: (ThinkException) 非法操作:login.php
[ 2016-03-30T21:05:33+08:00 ] ERR: (ThinkException) 非法操作:login.php
[ 2016-03-30T21:06:12+08:00 ] ERR: (ThinkException) 非法操作:login.php
[ 2016-03-30T21:06:12+08:00 ] ERR: (ThinkException) 非法操作:login.php
