[ 2016-04-04T16:47:44+08:00 ] ERR: (ThinkException) 非法操作:searchArticle
[ 2016-04-04T17:55:21+08:00 ] ERR: (ThinkException) 非法操作:style
[ 2016-04-04T18:08:12+08:00 ] ERR: (ThinkException) 无法加载模块:Amazon 32.ico
[ 2016-04-04T18:08:12+08:00 ] ERR: (ThinkException) 无法加载模块:Amazon 32.ico
[ 2016-04-04T21:42:08+08:00 ] ERR: (ThinkException) 非法操作:U('PaperSharing
[ 2016-04-04T21:42:34+08:00 ] ERR: (ThinkException) 非法操作:U('PaperSharing
[ 2016-04-04T21:43:10+08:00 ] ERR: (ThinkException) 非法操作:assets
[ 2016-04-04T21:43:10+08:00 ] ERR: (ThinkException) 非法操作:dist
[ 2016-04-04T21:43:36+08:00 ] ERR: (ThinkException) 非法操作:assets
[ 2016-04-04T21:43:36+08:00 ] ERR: (ThinkException) 非法操作:dist
[ 2016-04-04T21:43:43+08:00 ] ERR: (ThinkException) 非法操作:dist
[ 2016-04-04T21:43:43+08:00 ] ERR: (ThinkException) 非法操作:assets
[ 2016-04-04T21:44:24+08:00 ] ERR: (ThinkException) 非法操作:dist
[ 2016-04-04T21:44:24+08:00 ] ERR: (ThinkException) 非法操作:assets
[ 2016-04-04T21:48:41+08:00 ] ERR: (ThinkException) 非法操作:dist
[ 2016-04-04T21:48:42+08:00 ] ERR: (ThinkException) 非法操作:assets
[ 2016-04-04T21:48:45+08:00 ] ERR: (ThinkException) 非法操作:dist
[ 2016-04-04T21:48:45+08:00 ] ERR: (ThinkException) 非法操作:assets
[ 2016-04-04T23:04:37+08:00 ] ERR: (ThinkException) 非法操作:dist
[ 2016-04-04T23:04:37+08:00 ] ERR: (ThinkException) 非法操作:assets
[ 2016-04-04T23:07:32+08:00 ] ERR: (ThinkException) 非法操作:assets
[ 2016-04-04T23:07:32+08:00 ] ERR: (ThinkException) 非法操作:dist
[ 2016-04-04T23:07:45+08:00 ] ERR: (ThinkException) 非法操作:dist
[ 2016-04-04T23:07:45+08:00 ] ERR: (ThinkException) 非法操作:assets
[ 2016-04-04T23:08:22+08:00 ] ERR: (ThinkException) 非法操作:dist
[ 2016-04-04T23:08:22+08:00 ] ERR: (ThinkException) 非法操作:assets
[ 2016-04-04T23:08:23+08:00 ] ERR: (ThinkException) 非法操作:assets
[ 2016-04-04T23:08:23+08:00 ] ERR: (ThinkException) 非法操作:dist
[ 2016-04-04T23:08:26+08:00 ] ERR: (ThinkException) 非法操作:dist
[ 2016-04-04T23:08:26+08:00 ] ERR: (ThinkException) 非法操作:assets
[ 2016-04-04T23:09:44+08:00 ] ERR: (ThinkException) 非法操作:dist
[ 2016-04-04T23:09:44+08:00 ] ERR: (ThinkException) 非法操作:assets
[ 2016-04-04T23:12:36+08:00 ] ERR: (ThinkException) 非法操作:assets
[ 2016-04-04T23:12:36+08:00 ] ERR: (ThinkException) 非法操作:dist
[ 2016-04-04T23:12:37+08:00 ] ERR: (ThinkException) 非法操作:assets
[ 2016-04-04T23:12:37+08:00 ] ERR: (ThinkException) 非法操作:dist
[ 2016-04-04T23:12:55+08:00 ] ERR: (ThinkException) 非法操作:dist
[ 2016-04-04T23:12:55+08:00 ] ERR: (ThinkException) 非法操作:assets
