[ 2016-04-06T18:50:11+08:00 ] ERR: (ThinkException) 非法操作:dist
[ 2016-04-06T18:50:12+08:00 ] ERR: (ThinkException) 非法操作:assets
[ 2016-04-06T19:43:20+08:00 ] ERR: (ThinkException) 非法操作:dist
[ 2016-04-06T19:43:20+08:00 ] ERR: (ThinkException) 非法操作:assets
[ 2016-04-06T19:44:36+08:00 ] ERR: (ThinkException) 非法操作:assets
[ 2016-04-06T19:44:36+08:00 ] ERR: (ThinkException) 非法操作:dist
[ 2016-04-06T19:45:13+08:00 ] ERR: (ThinkException) 非法操作:dist
[ 2016-04-06T19:45:13+08:00 ] ERR: (ThinkException) 非法操作:assets
[ 2016-04-06T19:55:51+08:00 ] ERR: (ThinkException) 非法操作:dist
[ 2016-04-06T19:55:51+08:00 ] ERR: (ThinkException) 非法操作:assets
[ 2016-04-06T19:57:55+08:00 ] ERR: (ThinkException) 非法操作:assets
[ 2016-04-06T19:57:55+08:00 ] ERR: (ThinkException) 非法操作:dist
[ 2016-04-06T20:23:24+08:00 ] ERR: (ThinkException) 非法操作:dist
[ 2016-04-06T20:23:24+08:00 ] ERR: (ThinkException) 非法操作:assets
[ 2016-04-06T20:27:20+08:00 ] ERR: (ThinkException) 非法操作:assets
[ 2016-04-06T20:27:20+08:00 ] ERR: (ThinkException) 非法操作:dist
[ 2016-04-06T20:28:46+08:00 ] ERR: (ThinkException) 非法操作:dist
[ 2016-04-06T20:28:46+08:00 ] ERR: (ThinkException) 非法操作:assets
[ 2016-04-06T20:28:48+08:00 ] ERR: (ThinkException) Action:alertMes您所请求的方法不存在！
[ 2016-04-06T20:29:10+08:00 ] ERR: (ThinkException) 非法操作:dist
[ 2016-04-06T20:29:10+08:00 ] ERR: (ThinkException) 非法操作:assets
[ 2016-04-06T20:30:46+08:00 ] ERR: (ThinkException) 非法操作:dist
[ 2016-04-06T20:30:46+08:00 ] ERR: (ThinkException) 非法操作:assets
[ 2016-04-06T20:53:33+08:00 ] ERR: (ThinkException) 非法操作:dist
[ 2016-04-06T20:53:33+08:00 ] ERR: (ThinkException) 非法操作:assets
[ 2016-04-06T20:53:49+08:00 ] ERR: (ThinkException) 非法操作:添加失败,请重试
[ 2016-04-06T20:57:31+08:00 ] ERR: (ThinkException) 非法操作:添加失败,请重试
[ 2016-04-06T20:57:31+08:00 ] ERR: (ThinkException) 非法操作:添加失败,请重试
[ 2016-04-06T20:57:39+08:00 ] ERR: (ThinkException) 非法操作:添加失败,请重试
[ 2016-04-06T21:16:20+08:00 ] ERR: (ThinkException) 非法操作:admin
[ 2016-04-06T21:16:55+08:00 ] ERR: (ThinkException) 非法操作:admin
[ 2016-04-06T21:17:06+08:00 ] ERR: (ThinkException) 模板不存在[./project/Tpl/PaperSharing/backstage.html]
[ 2016-04-06T23:02:50+08:00 ] ERR: (ThinkException) 非法操作:assets
[ 2016-04-06T23:02:51+08:00 ] ERR: (ThinkException) 非法操作:dist
[ 2016-04-06T23:03:22+08:00 ] ERR: (ThinkException) 非法操作:assets
[ 2016-04-06T23:03:23+08:00 ] ERR: (ThinkException) 非法操作:dist
[ 2016-04-06T23:03:48+08:00 ] ERR: (ThinkException) 非法操作:dist
[ 2016-04-06T23:03:48+08:00 ] ERR: (ThinkException) 非法操作:assets
[ 2016-04-06T23:06:11+08:00 ] ERR: (ThinkException) 非法操作:dist
[ 2016-04-06T23:06:11+08:00 ] ERR: (ThinkException) 非法操作:assets
[ 2016-04-06T23:06:51+08:00 ] ERR: (ThinkException) 非法操作:dist
[ 2016-04-06T23:06:52+08:00 ] ERR: (ThinkException) 非法操作:assets
[ 2016-04-06T23:06:59+08:00 ] ERR: (ThinkException) 非法操作:dist
[ 2016-04-06T23:06:59+08:00 ] ERR: (ThinkException) 非法操作:assets
[ 2016-04-06T23:09:26+08:00 ] ERR: (ThinkException) 非法操作:dist
[ 2016-04-06T23:09:26+08:00 ] ERR: (ThinkException) 非法操作:assets
[ 2016-04-06T23:09:49+08:00 ] ERR: (ThinkException) 非法操作:dist
[ 2016-04-06T23:09:49+08:00 ] ERR: (ThinkException) 非法操作:assets
[ 2016-04-06T23:11:10+08:00 ] ERR: (ThinkException) 非法操作:dist
[ 2016-04-06T23:11:10+08:00 ] ERR: (ThinkException) 非法操作:assets
[ 2016-04-06T23:11:28+08:00 ] ERR: (ThinkException) 非法操作:dist
[ 2016-04-06T23:11:28+08:00 ] ERR: (ThinkException) 非法操作:assets
[ 2016-04-06T23:12:19+08:00 ] ERR: (ThinkException) 非法操作:dist
[ 2016-04-06T23:12:19+08:00 ] ERR: (ThinkException) 非法操作:assets
[ 2016-04-06T23:12:31+08:00 ] ERR: (ThinkException) 非法操作:dist
[ 2016-04-06T23:12:31+08:00 ] ERR: (ThinkException) 非法操作:assets
[ 2016-04-06T23:54:02+08:00 ] ERR: (ThinkException) 非法操作:dist
[ 2016-04-06T23:54:02+08:00 ] ERR: (ThinkException) 非法操作:assets
[ 2016-04-06T23:54:11+08:00 ] ERR: (ThinkException) 非法操作:dist
[ 2016-04-06T23:54:11+08:00 ] ERR: (ThinkException) 非法操作:assets
[ 2016-04-06T23:55:00+08:00 ] ERR: (ThinkException) 非法操作:dist
[ 2016-04-06T23:55:00+08:00 ] ERR: (ThinkException) 非法操作:assets
[ 2016-04-06T23:59:39+08:00 ] ERR: (ThinkException) 非法操作:dist
[ 2016-04-06T23:59:39+08:00 ] ERR: (ThinkException) 非法操作:assets
