[ 2016-03-29T00:45:50+08:00 ] ERR: (ThinkException) 无法加载模块:register
[ 2016-03-29T00:45:58+08:00 ] ERR: (ThinkException) 无法加载模块:login
[ 2016-03-29T11:17:18+08:00 ] ERR: (ThinkException) 无法加载模块:index
[ 2016-03-29T15:03:23+08:00 ] ERR: (ThinkException) 无法加载模块:Amazon 32.ico
[ 2016-03-29T15:03:24+08:00 ] ERR: (ThinkException) 无法加载模块:Amazon 32.ico
[ 2016-03-29T16:21:58+08:00 ] ERR: (ThinkException) 无法加载模块:Amazon 32.ico
[ 2016-03-29T16:21:58+08:00 ] ERR: (ThinkException) 无法加载模块:Amazon 32.ico
[ 2016-03-29T20:52:27+08:00 ] ERR: (ThinkException) 无法加载模块:Amazon 32.ico
[ 2016-03-29T20:52:27+08:00 ] ERR: (ThinkException) 无法加载模块:Amazon 32.ico
[ 2016-03-29T21:35:26+08:00 ] ERR: (ThinkException) 非法操作:images
[ 2016-03-29T21:35:26+08:00 ] ERR: (ThinkException) 非法操作:images
[ 2016-03-29T21:35:26+08:00 ] ERR: (ThinkException) 非法操作:images
[ 2016-03-29T21:35:26+08:00 ] ERR: (ThinkException) 非法操作:images
[ 2016-03-29T21:37:33+08:00 ] ERR: (ThinkException) 非法操作:images
[ 2016-03-29T21:37:33+08:00 ] ERR: (ThinkException) 非法操作:images
[ 2016-03-29T21:37:33+08:00 ] ERR: (ThinkException) 非法操作:images
[ 2016-03-29T21:37:33+08:00 ] ERR: (ThinkException) 非法操作:images
[ 2016-03-29T21:38:16+08:00 ] ERR: (ThinkException) 非法操作:images
[ 2016-03-29T21:38:16+08:00 ] ERR: (ThinkException) 非法操作:images
[ 2016-03-29T21:38:16+08:00 ] ERR: (ThinkException) 非法操作:images
[ 2016-03-29T21:38:16+08:00 ] ERR: (ThinkException) 非法操作:images
[ 2016-03-29T21:39:25+08:00 ] ERR: (ThinkException) 非法操作:images
[ 2016-03-29T21:39:25+08:00 ] ERR: (ThinkException) 非法操作:images
[ 2016-03-29T21:39:25+08:00 ] ERR: (ThinkException) 非法操作:images
[ 2016-03-29T21:39:25+08:00 ] ERR: (ThinkException) 非法操作:images
[ 2016-03-29T21:41:27+08:00 ] ERR: (ThinkException) 非法操作:images
[ 2016-03-29T21:41:27+08:00 ] ERR: (ThinkException) 非法操作:images
[ 2016-03-29T21:41:27+08:00 ] ERR: (ThinkException) 非法操作:images
[ 2016-03-29T21:41:27+08:00 ] ERR: (ThinkException) 非法操作:images
[ 2016-03-29T21:41:28+08:00 ] ERR: (ThinkException) 非法操作:images
[ 2016-03-29T21:41:28+08:00 ] ERR: (ThinkException) 非法操作:images
[ 2016-03-29T21:41:28+08:00 ] ERR: (ThinkException) 非法操作:images
[ 2016-03-29T21:41:28+08:00 ] ERR: (ThinkException) 非法操作:images
[ 2016-03-29T21:41:50+08:00 ] ERR: (ThinkException) 非法操作:images
[ 2016-03-29T21:41:50+08:00 ] ERR: (ThinkException) 非法操作:images
[ 2016-03-29T21:41:50+08:00 ] ERR: (ThinkException) 非法操作:images
[ 2016-03-29T21:41:50+08:00 ] ERR: (ThinkException) 非法操作:images
[ 2016-03-29T21:50:37+08:00 ] ERR: (ThinkException) 非法操作:images
[ 2016-03-29T21:50:37+08:00 ] ERR: (ThinkException) 非法操作:images
[ 2016-03-29T21:50:37+08:00 ] ERR: (ThinkException) 非法操作:images
[ 2016-03-29T21:50:37+08:00 ] ERR: (ThinkException) 非法操作:images
